<?xml version="1.0" encoding="UTF-8"?>
<!-- Generated by org.testng.reporters.JUnitReportReporter -->
<testsuite hostname="DESKTOP-BEEFSAT" failures="0" tests="1" name="Testscripts.FourthTest" time="50.293" errors="0" timestamp="2023-02-28T21:44:02 IST" skipped="0">
  <testcase classname="Testscripts.FourthTest" name="fourthTest" time="50.293"/>
  <system-out/>
</testsuite> <!-- Testscripts.FourthTest -->
