<?xml version="1.0" encoding="UTF-8"?>
<!-- Generated by org.testng.reporters.JUnitReportReporter -->
<testsuite hostname="DESKTOP-BEEFSAT" failures="0" tests="1" name="Testscripts.ThridTest" time="70.866" errors="0" timestamp="2023-02-28T21:45:27 IST" skipped="0">
  <testcase classname="Testscripts.ThridTest" name="thridTest" time="70.866"/>
  <system-out/>
</testsuite> <!-- Testscripts.ThridTest -->
