<?xml version="1.0" encoding="UTF-8"?>
<!-- Generated by org.testng.reporters.JUnitReportReporter -->
<testsuite hostname="DESKTOP-BEEFSAT" failures="0" tests="1" name="Testscripts.FirstTest" time="43.724" errors="0" timestamp="2023-03-01T13:44:26 IST" skipped="0">
  <testcase classname="Testscripts.FirstTest" name="firstTest" time="43.724"/>
  <system-out/>
</testsuite> <!-- Testscripts.FirstTest -->
