<?xml version="1.0" encoding="UTF-8"?>
<!-- Generated by org.testng.reporters.JUnitReportReporter -->
<testsuite hostname="DESKTOP-BEEFSAT" failures="0" tests="1" name="Testscripts.SecondTest" time="42.803" errors="0" timestamp="2023-02-28T22:08:29 IST" skipped="0">
  <testcase classname="Testscripts.SecondTest" name="secondTest" time="42.803"/>
  <system-out/>
</testsuite> <!-- Testscripts.SecondTest -->
